Encipher/build/intermediates/manifest_merge_blame_file/debug/manifest-merger-blame-debug-report.txt
1<?xml version="1.0" encoding="utf-8"?>
2<manifest xmlns:android="http://schemas.android.com/apk/res/android"
3    package="com.predictor.vijoz" >
4
5    <uses-sdk
6        android:minSdkVersion="21"
6-->src/main/AndroidManifest.xml
7        android:targetSdkVersion="30" />
7-->src/main/AndroidManifest.xml
8
9    <uses-permission android:name="android.permission.INTERNET" />
9-->src/main/AndroidManifest.xml:5:5-67
9-->src/main/AndroidManifest.xml:5:22-64
10    <uses-permission android:name="android.permission.ACCESS_NETWORK_STATE" />
10-->src/main/AndroidManifest.xml:6:5-79
10-->src/main/AndroidManifest.xml:6:22-76
11    <uses-permission android:name="android.permission.ACCESS_WIFI_STATE" />
11-->src/main/AndroidManifest.xml:7:5-76
11-->src/main/AndroidManifest.xml:7:22-73
12    <uses-permission android:name="android.permission.READ_PHONE_STATE" />
12-->src/main/AndroidManifest.xml:8:5-75
12-->src/main/AndroidManifest.xml:8:22-72
13
14</manifest>